<?xml version="1.0" encoding="UTF-8"?>
<!-- Generated by org.testng.reporters.JUnitReportReporter -->
<testsuite hostname="Akeem" failures="0" tests="12" name="Utility.loginTest" time="51.441" errors="0" timestamp="2023-03-12T22:22:16 CDT" skipped="0">
  <testcase classname="Utility.loginTest" name="browserName" time="2.605"/>
  <system-out/>
  <testcase classname="Utility.loginTest" name="browserName" time="2.929"/>
  <system-out/>
  <testcase classname="Utility.loginTest" name="browserName" time="3.345"/>
  <system-out/>
  <testcase classname="Utility.loginTest" name="Openurl" time="8.099"/>
  <system-out/>
  <testcase classname="Utility.loginTest" name="Openurl" time="7.263"/>
  <system-out/>
  <testcase classname="Utility.loginTest" name="Openurl" time="8.111"/>
  <system-out/>
  <testcase classname="Utility.loginTest" name="Logindet" time="5.940"/>
  <system-out/>
  <testcase classname="Utility.loginTest" name="Logindet" time="5.951"/>
  <system-out/>
  <testcase classname="Utility.loginTest" name="Logindet" time="5.982"/>
  <system-out/>
  <testcase classname="Utility.loginTest" name="quit" time="0.172"/>
  <system-out/>
  <testcase classname="Utility.loginTest" name="quit" time="0.890"/>
  <system-out/>
  <testcase classname="Utility.loginTest" name="quit" time="0.154"/>
  <system-out/>
</testsuite> <!-- Utility.loginTest -->
