<?xml version="1.0" encoding="UTF-8"?>
<!-- Generated by org.testng.reporters.JUnitReportReporter -->
<testsuite hostname="Akeem" failures="0" tests="11" name="TestCases.tc1" time="47.825" errors="0" timestamp="2023-04-16T18:50:05 CDT" skipped="0">
  <testcase classname="TestCases.tc1" name="browser" time="3.023"/>
  <system-out/>
  <testcase classname="TestCases.tc1" name="openurl" time="4.021"/>
  <system-out/>
  <testcase classname="TestCases.tc1" name="enableSleep" time="7.010"/>
  <system-out/>
  <testcase classname="TestCases.tc1" name="Logindetails" time="1.379"/>
  <system-out/>
  <testcase classname="TestCases.tc1" name="enableSlee" time="7.012"/>
  <system-out/>
  <testcase classname="TestCases.tc1" name="admin" time="4.853"/>
  <system-out/>
  <testcase classname="TestCases.tc1" name="adminfill" time="7.782"/>
  <system-out/>
  <testcase classname="TestCases.tc1" name="resetfill" time="5.084"/>
  <system-out/>
  <testcase classname="TestCases.tc1" name="adminfill2" time="0.565"/>
  <system-out/>
  <testcase classname="TestCases.tc1" name="resetfill2" time="7.094"/>
  <system-out/>
  <testcase classname="TestCases.tc1" name="quitapp" time="0.002"/>
  <system-out/>
</testsuite> <!-- TestCases.tc1 -->
